<?xml version="1.0" encoding="UTF-8"?>
<testng-results ignored="0" total="1" passed="1" failed="0" skipped="0">
  <reporter-output>
  </reporter-output>
  <suite started-at="2021-01-29T23:16:36Z" name="Suite" finished-at="2021-01-29T23:16:54Z" duration-ms="18033">
    <groups>
    </groups>
    <test started-at="2021-01-29T23:16:36Z" name="Test" finished-at="2021-01-29T23:16:54Z" duration-ms="18033">
      <class name="loginTest.MvnAmicusCloud.LoginTest">
        <test-method is-config="true" signature="beforeMethod()[pri:0, instance:loginTest.MvnAmicusCloud.LoginTest@6913c1fb]" started-at="2021-01-29T23:16:36Z" name="beforeMethod" finished-at="2021-01-29T23:16:46Z" duration-ms="10070" status="PASS">
          <reporter-output>
          </reporter-output>
        </test-method> <!-- beforeMethod -->
        <test-method signature="loginTests()[pri:0, instance:loginTest.MvnAmicusCloud.LoginTest@6913c1fb]" started-at="2021-01-29T23:16:46Z" name="loginTests" finished-at="2021-01-29T23:16:54Z" duration-ms="7739" status="PASS">
          <reporter-output>
          </reporter-output>
        </test-method> <!-- loginTests -->
        <test-method is-config="true" signature="afterMethod()[pri:0, instance:loginTest.MvnAmicusCloud.LoginTest@6913c1fb]" started-at="2021-01-29T23:16:54Z" name="afterMethod" finished-at="2021-01-29T23:16:54Z" duration-ms="179" status="PASS">
          <reporter-output>
          </reporter-output>
        </test-method> <!-- afterMethod -->
      </class> <!-- loginTest.MvnAmicusCloud.LoginTest -->
    </test> <!-- Test -->
  </suite> <!-- Suite -->
</testng-results>
